0 info it worked if it ends with ok
1 verbose cli [ '/Users/huyuqiong/.nvm/versions/node/v10.15.3/bin/node',
1 verbose cli   '/Users/huyuqiong/.nvm/versions/node/v10.15.3/bin/npm',
1 verbose cli   'run',
1 verbose cli   'jest',
1 verbose cli   '--no-cache' ]
2 info using npm@6.4.1
3 info using node@v10.15.3
4 verbose stack Error: missing script: jest
4 verbose stack
4 verbose stack Did you mean this?
4 verbose stack     test
4 verbose stack     at run (/Users/huyuqiong/.nvm/versions/node/v10.15.3/lib/node_modules/npm/lib/run-script.js:155:19)
4 verbose stack     at /Users/huyuqiong/.nvm/versions/node/v10.15.3/lib/node_modules/npm/lib/run-script.js:63:5
4 verbose stack     at /Users/huyuqiong/.nvm/versions/node/v10.15.3/lib/node_modules/npm/node_modules/read-package-json/read-json.js:115:5
4 verbose stack     at /Users/huyuqiong/.nvm/versions/node/v10.15.3/lib/node_modules/npm/node_modules/read-package-json/read-json.js:418:5
4 verbose stack     at checkBinReferences_ (/Users/huyuqiong/.nvm/versions/node/v10.15.3/lib/node_modules/npm/node_modules/read-package-json/read-json.js:373:45)
4 verbose stack     at final (/Users/huyuqiong/.nvm/versions/node/v10.15.3/lib/node_modules/npm/node_modules/read-package-json/read-json.js:416:3)
4 verbose stack     at then (/Users/huyuqiong/.nvm/versions/node/v10.15.3/lib/node_modules/npm/node_modules/read-package-json/read-json.js:160:5)
4 verbose stack     at /Users/huyuqiong/.nvm/versions/node/v10.15.3/lib/node_modules/npm/node_modules/read-package-json/read-json.js:364:12
4 verbose stack     at /Users/huyuqiong/.nvm/versions/node/v10.15.3/lib/node_modules/npm/node_modules/graceful-fs/graceful-fs.js:78:16
4 verbose stack     at FSReqWrap.readFileAfterClose [as oncomplete] (internal/fs/read_file_context.js:53:3)
5 verbose cwd /Users/huyuqiong/workspace/Component/lemon-antd
6 verbose Darwin 18.6.0
7 verbose argv "/Users/huyuqiong/.nvm/versions/node/v10.15.3/bin/node" "/Users/huyuqiong/.nvm/versions/node/v10.15.3/bin/npm" "run" "jest" "--no-cache"
8 verbose node v10.15.3
9 verbose npm  v6.4.1
10 error missing script: jest
10 error
10 error Did you mean this?
10 error     test
11 verbose exit [ 1, true ]
