0 info it worked if it ends with ok
1 verbose cli [ '/Users/huyuqiong/.nvm/versions/node/v10.15.3/bin/node',
1 verbose cli   '/Users/huyuqiong/.nvm/versions/node/v10.15.3/bin/npm',
1 verbose cli   'run',
1 verbose cli   'test',
1 verbose cli   '--no-cache' ]
2 info using npm@6.4.1
3 info using node@v10.15.3
4 verbose run-script [ 'pretest', 'test', 'posttest' ]
5 info lifecycle @mandlazy/lemon-antd@0.0.1~pretest: @mandlazy/lemon-antd@0.0.1
6 info lifecycle @mandlazy/lemon-antd@0.0.1~test: @mandlazy/lemon-antd@0.0.1
7 verbose lifecycle @mandlazy/lemon-antd@0.0.1~test: unsafe-perm in lifecycle true
8 verbose lifecycle @mandlazy/lemon-antd@0.0.1~test: PATH: /Users/huyuqiong/.nvm/versions/node/v10.15.3/lib/node_modules/npm/node_modules/npm-lifecycle/node-gyp-bin:/Users/huyuqiong/workspace/Component/lemon-antd/node_modules/.bin:/Users/huyuqiong/.nvm/versions/node/v10.15.3/bin:/usr/local/opt/icu4c/bin:/usr/local/opt/icu4c/sbin:/usr/local/sbin:/usr/local/opt/curl/bin:/opt/local/bin:/usr/local/openssl/bin:/usr/local/openssl/bin/:echo export PATH=/usr/local/Cellar/iopenssl/1.0.2l/bin/:/usr/local/opt/curl/bin:/usr/local/bin:/usr/bin:/bin:/usr/sbin:/sbin: >> ~/.b\/bin/:/usr/local/Cellar/openssl/1.0.2l/bin/:/usr/local/Cellar/openssl/1.0.2l/bin/:/usr/local/opt/curl/bin:/Users/huyuqiong/softwore/apache-ant-1.10.1/bin/:/Users/huyuqiong/go/bin:/usr/local/mysql/bin:/Users/huyuqiong/softwore/apache-maven-3.5.2/bin:/usr/local/openssl/bin:/Users/huyuqiong/Library/Android/sdk/tools:/usr/local/bin/curl/bin:/Users/huyuqiong/Library/Android/sdk/platform-tools:/Library/Java/JavaVirtualMachines/jdk1.8.0_112.jdk/Contents/Home:/Users/huyuqiong/softwore/mongodb/bin/:/usr/local/redis/bin/:/Users/huyuqiong/softwore/flutter/bin:/usr/local/cuda/bin:/Library/Frameworks/Python.framework/Versions/3.6/bin:/usr/local/bin:/usr/bin:/bin:/usr/sbin:/sbin:/usr/local/go/bin:/usr/local/share/dotnet:~/.dotnet/tools:/Library/Frameworks/Mono.framework/Versions/Current/Commands:/Applications/Xamarin Workbooks.app/Contents/SharedSupport/path-bin:/usr/local/opt/icu4c/bin:/usr/local/opt/icu4c/sbin:/usr/local/sbin:/usr/local/opt/curl/bin:/anaconda2/bin:/anaconda2/condabin:/opt/local/bin:/usr/local/openssl/bin:/usr/local/openssl/bin/:echo export PATH=/usr/local/Cellar/iopenssl/1.0.2l/bin/: >> ~/.b\/bin/:/usr/local/Cellar/openssl/1.0.2l/bin/:/Users/huyuqiong/softwore/apache-ant-1.10.1/bin/:/Users/huyuqiong/go/bin:/usr/local/mysql/bin:/Users/huyuqiong/softwore/apache-maven-3.5.2/bin:/Users/huyuqiong/Library/Android/sdk/tools:/usr/local/bin/curl/bin:/Users/huyuqiong/Library/Android/sdk/platform-tools:/Library/Java/JavaVirtualMachines/jdk1.8.0_112.jdk/Contents/Home:/Users/huyuqiong/softwore/mongodb/bin/:/usr/local/redis/bin/:/Users/huyuqiong/softwore/flutter/bin:/usr/local/cuda/bin:/Library/Frameworks/Python.framework/Versions/3.6/bin:/Users/huyuqiong/bin/:/Users/huyuqiong/bin/
9 verbose lifecycle @mandlazy/lemon-antd@0.0.1~test: CWD: /Users/huyuqiong/workspace/Component/lemon-antd
10 silly lifecycle @mandlazy/lemon-antd@0.0.1~test: Args: [ '-c', 'jest' ]
11 silly lifecycle @mandlazy/lemon-antd@0.0.1~test: Returned: code: 1  signal: null
12 info lifecycle @mandlazy/lemon-antd@0.0.1~test: Failed to exec test script
13 verbose stack Error: @mandlazy/lemon-antd@0.0.1 test: `jest`
13 verbose stack Exit status 1
13 verbose stack     at EventEmitter.<anonymous> (/Users/huyuqiong/.nvm/versions/node/v10.15.3/lib/node_modules/npm/node_modules/npm-lifecycle/index.js:301:16)
13 verbose stack     at EventEmitter.emit (events.js:189:13)
13 verbose stack     at ChildProcess.<anonymous> (/Users/huyuqiong/.nvm/versions/node/v10.15.3/lib/node_modules/npm/node_modules/npm-lifecycle/lib/spawn.js:55:14)
13 verbose stack     at ChildProcess.emit (events.js:189:13)
13 verbose stack     at maybeClose (internal/child_process.js:970:16)
13 verbose stack     at Process.ChildProcess._handle.onexit (internal/child_process.js:259:5)
14 verbose pkgid @mandlazy/lemon-antd@0.0.1
15 verbose cwd /Users/huyuqiong/workspace/Component/lemon-antd
16 verbose Darwin 18.6.0
17 verbose argv "/Users/huyuqiong/.nvm/versions/node/v10.15.3/bin/node" "/Users/huyuqiong/.nvm/versions/node/v10.15.3/bin/npm" "run" "test" "--no-cache"
18 verbose node v10.15.3
19 verbose npm  v6.4.1
20 error code ELIFECYCLE
21 error errno 1
22 error @mandlazy/lemon-antd@0.0.1 test: `jest`
22 error Exit status 1
23 error Failed at the @mandlazy/lemon-antd@0.0.1 test script.
23 error This is probably not a problem with npm. There is likely additional logging output above.
24 verbose exit [ 1, true ]
